mode: set
github.com/dryaf/templates/templates.go:58.60,62.16 3 1
github.com/dryaf/templates/templates.go:62.16,64.17 2 0
github.com/dryaf/templates/templates.go:64.17,65.62 1 0
github.com/dryaf/templates/templates.go:67.3,68.56 2 0
github.com/dryaf/templates/templates.go:69.8,72.3 2 1
github.com/dryaf/templates/templates.go:74.2,91.10 3 1
github.com/dryaf/templates/templates.go:94.41,95.22 1 1
github.com/dryaf/templates/templates.go:95.22,97.3 1 1
github.com/dryaf/templates/templates.go:98.2,98.36 1 1
github.com/dryaf/templates/templates.go:98.36,102.3 3 1
github.com/dryaf/templates/templates.go:106.42,108.2 1 1
github.com/dryaf/templates/templates.go:111.44,115.16 4 1
github.com/dryaf/templates/templates.go:115.16,117.3 1 1
github.com/dryaf/templates/templates.go:118.2,120.16 3 1
github.com/dryaf/templates/templates.go:120.16,122.3 1 0
github.com/dryaf/templates/templates.go:123.2,124.16 2 1
github.com/dryaf/templates/templates.go:124.16,126.3 1 0
github.com/dryaf/templates/templates.go:127.2,127.26 1 1
github.com/dryaf/templates/templates.go:127.26,129.3 1 0
github.com/dryaf/templates/templates.go:131.2,131.41 1 1
github.com/dryaf/templates/templates.go:131.41,132.38 1 1
github.com/dryaf/templates/templates.go:132.38,139.18 7 1
github.com/dryaf/templates/templates.go:139.18,141.5 1 0
github.com/dryaf/templates/templates.go:142.4,142.54 1 1
github.com/dryaf/templates/templates.go:146.2,146.37 1 1
github.com/dryaf/templates/templates.go:146.37,151.17 5 1
github.com/dryaf/templates/templates.go:151.17,153.4 1 0
github.com/dryaf/templates/templates.go:154.3,154.42 1 1
github.com/dryaf/templates/templates.go:157.2,157.39 1 1
github.com/dryaf/templates/templates.go:157.39,161.17 4 1
github.com/dryaf/templates/templates.go:161.17,163.4 1 0
github.com/dryaf/templates/templates.go:165.3,166.27 2 1
github.com/dryaf/templates/templates.go:166.27,168.4 1 1
github.com/dryaf/templates/templates.go:170.3,170.118 1 1
github.com/dryaf/templates/templates.go:170.118,172.4 1 0
github.com/dryaf/templates/templates.go:173.3,173.47 1 1
github.com/dryaf/templates/templates.go:175.2,175.12 1 1
github.com/dryaf/templates/templates.go:178.70,180.33 2 1
github.com/dryaf/templates/templates.go:180.33,181.50 1 1
github.com/dryaf/templates/templates.go:181.50,182.12 1 1
github.com/dryaf/templates/templates.go:184.3,184.26 1 1
github.com/dryaf/templates/templates.go:184.26,186.4 1 1
github.com/dryaf/templates/templates.go:188.2,188.14 1 0
github.com/dryaf/templates/templates.go:192.112,194.37 1 1
github.com/dryaf/templates/templates.go:194.37,195.32 1 0
github.com/dryaf/templates/templates.go:195.32,198.18 3 0
github.com/dryaf/templates/templates.go:198.18,200.5 1 0
github.com/dryaf/templates/templates.go:202.3,203.34 2 0
github.com/dryaf/templates/templates.go:206.2,206.24 1 1
github.com/dryaf/templates/templates.go:206.24,208.3 1 0
github.com/dryaf/templates/templates.go:211.2,211.29 1 1
github.com/dryaf/templates/templates.go:211.29,213.10 2 1
github.com/dryaf/templates/templates.go:213.10,215.4 1 1
github.com/dryaf/templates/templates.go:216.3,216.53 1 1
github.com/dryaf/templates/templates.go:219.2,219.29 1 1
github.com/dryaf/templates/templates.go:219.29,221.10 2 1
github.com/dryaf/templates/templates.go:221.10,223.4 1 1
github.com/dryaf/templates/templates.go:224.3,224.47 1 1
github.com/dryaf/templates/templates.go:228.2,228.41 1 1
github.com/dryaf/templates/templates.go:228.41,230.10 2 1
github.com/dryaf/templates/templates.go:230.10,232.4 1 1
github.com/dryaf/templates/templates.go:233.3,233.49 1 1
github.com/dryaf/templates/templates.go:237.2,238.14 2 1
github.com/dryaf/templates/templates.go:238.14,241.27 3 0
github.com/dryaf/templates/templates.go:241.27,243.4 1 0
github.com/dryaf/templates/templates.go:245.2,245.27 1 1
github.com/dryaf/templates/templates.go:245.27,247.3 1 1
github.com/dryaf/templates/templates.go:249.2,250.9 2 1
github.com/dryaf/templates/templates.go:250.9,252.3 1 1
github.com/dryaf/templates/templates.go:253.2,253.48 1 1
github.com/dryaf/templates/templates.go:257.107,258.26 1 1
github.com/dryaf/templates/templates.go:258.26,260.3 1 1
github.com/dryaf/templates/templates.go:261.2,261.26 1 1
github.com/dryaf/templates/templates.go:261.26,263.3 1 0
github.com/dryaf/templates/templates.go:264.2,266.9 3 1
github.com/dryaf/templates/templates.go:266.9,268.3 1 1
github.com/dryaf/templates/templates.go:269.2,271.87 2 1
github.com/dryaf/templates/templates.go:277.48,279.8 2 1
github.com/dryaf/templates/templates.go:279.8,282.3 2 0
github.com/dryaf/templates/templates.go:283.2,283.50 1 1
github.com/dryaf/templates/templates.go:286.47,288.8 2 1
github.com/dryaf/templates/templates.go:288.8,291.3 2 0
github.com/dryaf/templates/templates.go:292.2,292.41 1 1
github.com/dryaf/templates/templates.go:295.42,297.8 2 1
github.com/dryaf/templates/templates.go:297.8,300.3 2 0
github.com/dryaf/templates/templates.go:301.2,301.30 1 1
github.com/dryaf/templates/templates.go:305.127,306.54 1 0
github.com/dryaf/templates/templates.go:306.54,308.17 2 0
github.com/dryaf/templates/templates.go:308.17,310.4 1 0
github.com/dryaf/templates/templates.go:315.144,316.54 1 0
github.com/dryaf/templates/templates.go:316.54,318.17 2 0
github.com/dryaf/templates/templates.go:318.17,320.4 1 0
github.com/dryaf/templates/templates.go:326.51,329.29 2 0
github.com/dryaf/templates/templates.go:329.29,331.3 1 0
github.com/dryaf/templates/templates.go:332.2,333.13 2 0
github.com/dryaf/templates/templates.go:336.115,339.16 3 1
github.com/dryaf/templates/templates.go:339.16,341.3 1 1
github.com/dryaf/templates/templates.go:342.2,342.24 1 1
github.com/dryaf/templates/templates.go:345.42,346.17 1 1
github.com/dryaf/templates/templates.go:346.17,348.3 1 0
github.com/dryaf/templates/templates.go:349.2,349.88 1 1
github.com/dryaf/templates/templates.go:352.41,355.27 3 1
github.com/dryaf/templates/templates.go:355.27,356.15 1 1
github.com/dryaf/templates/templates.go:356.15,358.4 1 1
github.com/dryaf/templates/templates.go:358.9,360.4 1 1
github.com/dryaf/templates/templates.go:362.2,362.10 1 1
github.com/dryaf/templates/templates.go:365.28,366.16 1 1
github.com/dryaf/templates/templates.go:366.16,369.3 2 0
github.com/dryaf/templates/templates.go:372.104,376.16 3 1
github.com/dryaf/templates/templates.go:376.16,379.3 1 1
github.com/dryaf/templates/templates.go:380.2,381.16 2 1
github.com/dryaf/templates/templates.go:381.16,383.3 1 0
github.com/dryaf/templates/templates.go:384.2,385.37 2 1
github.com/dryaf/templates/templates.go:385.37,386.49 1 1
github.com/dryaf/templates/templates.go:386.49,387.27 1 1
github.com/dryaf/templates/templates.go:387.27,389.5 1 0
github.com/dryaf/templates/templates.go:389.10,391.5 1 1
github.com/dryaf/templates/templates.go:394.2,394.19 1 1
github.com/dryaf/templates/templates.go:397.141,398.21 1 1
github.com/dryaf/templates/templates.go:398.21,400.3 1 0
github.com/dryaf/templates/templates.go:401.2,404.16 3 1
github.com/dryaf/templates/templates.go:404.16,406.3 1 0
github.com/dryaf/templates/templates.go:408.2,408.15 1 1
github.com/dryaf/templates/templates.go:413.33,414.13 1 1
github.com/dryaf/templates/templates.go:414.13,416.3 1 0
github.com/dryaf/templates/templates.go:420.2,423.37 2 1
github.com/dryaf/templates/templates.go:423.37,425.54 1 0
github.com/dryaf/templates/templates.go:425.54,427.4 1 0
github.com/dryaf/templates/templates.go:427.9,429.4 1 0
github.com/dryaf/templates/templates.go:431.2,431.11 1 1
