mode: set
github.com/dryaf/templates/templates.go:59.60,63.16 3 1
github.com/dryaf/templates/templates.go:63.16,65.17 2 1
github.com/dryaf/templates/templates.go:65.17,66.62 1 0
github.com/dryaf/templates/templates.go:68.3,69.56 2 1
github.com/dryaf/templates/templates.go:70.8,73.3 2 1
github.com/dryaf/templates/templates.go:75.2,92.10 3 1
github.com/dryaf/templates/templates.go:95.41,96.22 1 1
github.com/dryaf/templates/templates.go:96.22,98.3 1 1
github.com/dryaf/templates/templates.go:99.2,99.36 1 1
github.com/dryaf/templates/templates.go:99.36,103.3 3 1
github.com/dryaf/templates/templates.go:107.42,109.2 1 1
github.com/dryaf/templates/templates.go:112.44,116.16 4 1
github.com/dryaf/templates/templates.go:116.16,118.3 1 1
github.com/dryaf/templates/templates.go:119.2,121.16 3 1
github.com/dryaf/templates/templates.go:121.16,123.3 1 0
github.com/dryaf/templates/templates.go:124.2,125.16 2 1
github.com/dryaf/templates/templates.go:125.16,127.3 1 0
github.com/dryaf/templates/templates.go:128.2,128.26 1 1
github.com/dryaf/templates/templates.go:128.26,130.3 1 1
github.com/dryaf/templates/templates.go:132.2,132.41 1 1
github.com/dryaf/templates/templates.go:132.41,133.38 1 1
github.com/dryaf/templates/templates.go:133.38,140.18 7 1
github.com/dryaf/templates/templates.go:140.18,142.5 1 0
github.com/dryaf/templates/templates.go:143.4,143.54 1 1
github.com/dryaf/templates/templates.go:147.2,147.37 1 1
github.com/dryaf/templates/templates.go:147.37,152.17 5 1
github.com/dryaf/templates/templates.go:152.17,154.4 1 0
github.com/dryaf/templates/templates.go:155.3,155.42 1 1
github.com/dryaf/templates/templates.go:158.2,158.39 1 1
github.com/dryaf/templates/templates.go:158.39,162.17 4 1
github.com/dryaf/templates/templates.go:162.17,164.4 1 0
github.com/dryaf/templates/templates.go:166.3,167.27 2 1
github.com/dryaf/templates/templates.go:167.27,169.4 1 1
github.com/dryaf/templates/templates.go:171.3,171.118 1 1
github.com/dryaf/templates/templates.go:171.118,173.4 1 1
github.com/dryaf/templates/templates.go:174.3,174.47 1 1
github.com/dryaf/templates/templates.go:176.2,176.12 1 1
github.com/dryaf/templates/templates.go:179.70,181.33 2 1
github.com/dryaf/templates/templates.go:181.33,182.50 1 1
github.com/dryaf/templates/templates.go:182.50,183.12 1 1
github.com/dryaf/templates/templates.go:185.3,185.26 1 1
github.com/dryaf/templates/templates.go:185.26,187.4 1 1
github.com/dryaf/templates/templates.go:189.2,189.14 1 1
github.com/dryaf/templates/templates.go:193.112,195.37 1 1
github.com/dryaf/templates/templates.go:195.37,196.32 1 1
github.com/dryaf/templates/templates.go:196.32,199.18 3 1
github.com/dryaf/templates/templates.go:199.18,201.5 1 0
github.com/dryaf/templates/templates.go:203.3,204.34 2 1
github.com/dryaf/templates/templates.go:207.2,207.24 1 1
github.com/dryaf/templates/templates.go:207.24,209.3 1 1
github.com/dryaf/templates/templates.go:212.2,212.29 1 1
github.com/dryaf/templates/templates.go:212.29,214.10 2 1
github.com/dryaf/templates/templates.go:214.10,216.4 1 1
github.com/dryaf/templates/templates.go:217.3,217.53 1 1
github.com/dryaf/templates/templates.go:220.2,220.29 1 1
github.com/dryaf/templates/templates.go:220.29,222.10 2 1
github.com/dryaf/templates/templates.go:222.10,224.4 1 1
github.com/dryaf/templates/templates.go:225.3,225.47 1 1
github.com/dryaf/templates/templates.go:229.2,229.41 1 1
github.com/dryaf/templates/templates.go:229.41,231.10 2 1
github.com/dryaf/templates/templates.go:231.10,233.4 1 1
github.com/dryaf/templates/templates.go:234.3,234.49 1 1
github.com/dryaf/templates/templates.go:238.2,239.14 2 1
github.com/dryaf/templates/templates.go:239.14,242.27 3 1
github.com/dryaf/templates/templates.go:242.27,244.4 1 1
github.com/dryaf/templates/templates.go:246.2,246.27 1 1
github.com/dryaf/templates/templates.go:246.27,248.3 1 1
github.com/dryaf/templates/templates.go:250.2,251.9 2 1
github.com/dryaf/templates/templates.go:251.9,253.3 1 1
github.com/dryaf/templates/templates.go:254.2,254.48 1 1
github.com/dryaf/templates/templates.go:258.107,259.26 1 1
github.com/dryaf/templates/templates.go:259.26,261.3 1 1
github.com/dryaf/templates/templates.go:262.2,262.26 1 1
github.com/dryaf/templates/templates.go:262.26,264.3 1 1
github.com/dryaf/templates/templates.go:265.2,267.9 3 1
github.com/dryaf/templates/templates.go:267.9,269.3 1 1
github.com/dryaf/templates/templates.go:270.2,272.87 2 1
github.com/dryaf/templates/templates.go:278.48,280.8 2 1
github.com/dryaf/templates/templates.go:280.8,283.3 2 0
github.com/dryaf/templates/templates.go:284.2,284.50 1 1
github.com/dryaf/templates/templates.go:287.47,289.8 2 1
github.com/dryaf/templates/templates.go:289.8,292.3 2 0
github.com/dryaf/templates/templates.go:293.2,293.41 1 1
github.com/dryaf/templates/templates.go:296.42,298.8 2 1
github.com/dryaf/templates/templates.go:298.8,301.3 2 0
github.com/dryaf/templates/templates.go:302.2,302.30 1 1
github.com/dryaf/templates/templates.go:306.127,307.54 1 1
github.com/dryaf/templates/templates.go:307.54,309.17 2 1
github.com/dryaf/templates/templates.go:309.17,311.4 1 1
github.com/dryaf/templates/templates.go:316.144,317.54 1 1
github.com/dryaf/templates/templates.go:317.54,319.17 2 1
github.com/dryaf/templates/templates.go:319.17,321.4 1 1
github.com/dryaf/templates/templates.go:327.51,330.29 2 1
github.com/dryaf/templates/templates.go:330.29,332.3 1 1
github.com/dryaf/templates/templates.go:333.2,334.13 2 1
github.com/dryaf/templates/templates.go:337.115,340.16 3 1
github.com/dryaf/templates/templates.go:340.16,342.3 1 1
github.com/dryaf/templates/templates.go:343.2,343.24 1 1
github.com/dryaf/templates/templates.go:346.42,347.17 1 1
github.com/dryaf/templates/templates.go:347.17,349.3 1 1
github.com/dryaf/templates/templates.go:350.2,350.88 1 1
github.com/dryaf/templates/templates.go:353.41,356.27 3 1
github.com/dryaf/templates/templates.go:356.27,357.15 1 1
github.com/dryaf/templates/templates.go:357.15,359.4 1 1
github.com/dryaf/templates/templates.go:359.9,361.4 1 1
github.com/dryaf/templates/templates.go:363.2,363.10 1 1
github.com/dryaf/templates/templates.go:366.28,367.16 1 1
github.com/dryaf/templates/templates.go:367.16,370.3 2 0
github.com/dryaf/templates/templates.go:373.104,377.16 3 1
github.com/dryaf/templates/templates.go:377.16,380.3 1 1
github.com/dryaf/templates/templates.go:381.2,382.16 2 1
github.com/dryaf/templates/templates.go:382.16,384.3 1 1
github.com/dryaf/templates/templates.go:385.2,386.37 2 1
github.com/dryaf/templates/templates.go:386.37,387.49 1 1
github.com/dryaf/templates/templates.go:387.49,388.27 1 1
github.com/dryaf/templates/templates.go:388.27,390.5 1 1
github.com/dryaf/templates/templates.go:390.10,392.5 1 1
github.com/dryaf/templates/templates.go:395.2,395.19 1 1
github.com/dryaf/templates/templates.go:398.141,399.21 1 1
github.com/dryaf/templates/templates.go:399.21,401.3 1 1
github.com/dryaf/templates/templates.go:402.2,405.16 3 1
github.com/dryaf/templates/templates.go:405.16,407.3 1 0
github.com/dryaf/templates/templates.go:409.2,409.15 1 1
github.com/dryaf/templates/templates.go:414.33,415.13 1 1
github.com/dryaf/templates/templates.go:415.13,417.3 1 1
github.com/dryaf/templates/templates.go:421.2,424.37 2 1
github.com/dryaf/templates/templates.go:424.37,426.54 1 1
github.com/dryaf/templates/templates.go:426.54,428.4 1 1
github.com/dryaf/templates/templates.go:428.9,430.4 1 0
github.com/dryaf/templates/templates.go:432.2,432.11 1 1
github.com/dryaf/templates/integrations/stdlib/stdlib.go:19.75,21.2 1 0
github.com/dryaf/templates/integrations/stdlib/stdlib.go:24.54,26.2 1 0
github.com/dryaf/templates/integrations/stdlib/stdlib.go:29.106,31.2 1 0
github.com/dryaf/templates/integrations/stdlib/stdlib.go:35.84,37.2 1 0
github.com/dryaf/templates/integrations/stdlib/stdlib.go:42.109,44.2 1 0
github.com/dryaf/templates/templates.go:59.60,63.16 3 1
github.com/dryaf/templates/templates.go:63.16,65.17 2 0
github.com/dryaf/templates/templates.go:65.17,66.62 1 0
github.com/dryaf/templates/templates.go:68.3,69.56 2 0
github.com/dryaf/templates/templates.go:70.8,73.3 2 1
github.com/dryaf/templates/templates.go:75.2,92.10 3 1
github.com/dryaf/templates/templates.go:95.41,96.22 1 1
github.com/dryaf/templates/templates.go:96.22,98.3 1 1
github.com/dryaf/templates/templates.go:99.2,99.36 1 1
github.com/dryaf/templates/templates.go:99.36,103.3 3 1
github.com/dryaf/templates/templates.go:107.42,109.2 1 1
github.com/dryaf/templates/templates.go:112.44,116.16 4 1
github.com/dryaf/templates/templates.go:116.16,118.3 1 0
github.com/dryaf/templates/templates.go:119.2,121.16 3 1
github.com/dryaf/templates/templates.go:121.16,123.3 1 0
github.com/dryaf/templates/templates.go:124.2,125.16 2 1
github.com/dryaf/templates/templates.go:125.16,127.3 1 0
github.com/dryaf/templates/templates.go:128.2,128.26 1 1
github.com/dryaf/templates/templates.go:128.26,130.3 1 0
github.com/dryaf/templates/templates.go:132.2,132.41 1 1
github.com/dryaf/templates/templates.go:132.41,133.38 1 1
github.com/dryaf/templates/templates.go:133.38,140.18 7 1
github.com/dryaf/templates/templates.go:140.18,142.5 1 0
github.com/dryaf/templates/templates.go:143.4,143.54 1 1
github.com/dryaf/templates/templates.go:147.2,147.37 1 1
github.com/dryaf/templates/templates.go:147.37,152.17 5 1
github.com/dryaf/templates/templates.go:152.17,154.4 1 0
github.com/dryaf/templates/templates.go:155.3,155.42 1 1
github.com/dryaf/templates/templates.go:158.2,158.39 1 1
github.com/dryaf/templates/templates.go:158.39,162.17 4 1
github.com/dryaf/templates/templates.go:162.17,164.4 1 0
github.com/dryaf/templates/templates.go:166.3,167.27 2 1
github.com/dryaf/templates/templates.go:167.27,169.4 1 1
github.com/dryaf/templates/templates.go:171.3,171.118 1 1
github.com/dryaf/templates/templates.go:171.118,173.4 1 0
github.com/dryaf/templates/templates.go:174.3,174.47 1 1
github.com/dryaf/templates/templates.go:176.2,176.12 1 1
github.com/dryaf/templates/templates.go:179.70,181.33 2 1
github.com/dryaf/templates/templates.go:181.33,182.50 1 1
github.com/dryaf/templates/templates.go:182.50,183.12 1 1
github.com/dryaf/templates/templates.go:185.3,185.26 1 1
github.com/dryaf/templates/templates.go:185.26,187.4 1 1
github.com/dryaf/templates/templates.go:189.2,189.14 1 0
github.com/dryaf/templates/templates.go:193.112,195.37 1 1
github.com/dryaf/templates/templates.go:195.37,196.32 1 0
github.com/dryaf/templates/templates.go:196.32,199.18 3 0
github.com/dryaf/templates/templates.go:199.18,201.5 1 0
github.com/dryaf/templates/templates.go:203.3,204.34 2 0
github.com/dryaf/templates/templates.go:207.2,207.24 1 1
github.com/dryaf/templates/templates.go:207.24,209.3 1 0
github.com/dryaf/templates/templates.go:212.2,212.29 1 1
github.com/dryaf/templates/templates.go:212.29,214.10 2 0
github.com/dryaf/templates/templates.go:214.10,216.4 1 0
github.com/dryaf/templates/templates.go:217.3,217.53 1 0
github.com/dryaf/templates/templates.go:220.2,220.29 1 1
github.com/dryaf/templates/templates.go:220.29,222.10 2 1
github.com/dryaf/templates/templates.go:222.10,224.4 1 0
github.com/dryaf/templates/templates.go:225.3,225.47 1 1
github.com/dryaf/templates/templates.go:229.2,229.41 1 1
github.com/dryaf/templates/templates.go:229.41,231.10 2 1
github.com/dryaf/templates/templates.go:231.10,233.4 1 0
github.com/dryaf/templates/templates.go:234.3,234.49 1 1
github.com/dryaf/templates/templates.go:238.2,239.14 2 1
github.com/dryaf/templates/templates.go:239.14,242.27 3 1
github.com/dryaf/templates/templates.go:242.27,244.4 1 1
github.com/dryaf/templates/templates.go:246.2,246.27 1 1
github.com/dryaf/templates/templates.go:246.27,248.3 1 1
github.com/dryaf/templates/templates.go:250.2,251.9 2 1
github.com/dryaf/templates/templates.go:251.9,253.3 1 1
github.com/dryaf/templates/templates.go:254.2,254.48 1 1
github.com/dryaf/templates/templates.go:258.107,259.26 1 0
github.com/dryaf/templates/templates.go:259.26,261.3 1 0
github.com/dryaf/templates/templates.go:262.2,262.26 1 0
github.com/dryaf/templates/templates.go:262.26,264.3 1 0
github.com/dryaf/templates/templates.go:265.2,267.9 3 0
github.com/dryaf/templates/templates.go:267.9,269.3 1 0
github.com/dryaf/templates/templates.go:270.2,272.87 2 0
github.com/dryaf/templates/templates.go:278.48,280.8 2 1
github.com/dryaf/templates/templates.go:280.8,283.3 2 0
github.com/dryaf/templates/templates.go:284.2,284.50 1 1
github.com/dryaf/templates/templates.go:287.47,289.8 2 1
github.com/dryaf/templates/templates.go:289.8,292.3 2 0
github.com/dryaf/templates/templates.go:293.2,293.41 1 1
github.com/dryaf/templates/templates.go:296.42,298.8 2 1
github.com/dryaf/templates/templates.go:298.8,301.3 2 0
github.com/dryaf/templates/templates.go:302.2,302.30 1 1
github.com/dryaf/templates/templates.go:306.127,307.54 1 1
github.com/dryaf/templates/templates.go:307.54,309.17 2 1
github.com/dryaf/templates/templates.go:309.17,311.4 1 1
github.com/dryaf/templates/templates.go:316.144,317.54 1 1
github.com/dryaf/templates/templates.go:317.54,319.17 2 1
github.com/dryaf/templates/templates.go:319.17,321.4 1 1
github.com/dryaf/templates/templates.go:327.51,330.29 2 0
github.com/dryaf/templates/templates.go:330.29,332.3 1 0
github.com/dryaf/templates/templates.go:333.2,334.13 2 0
github.com/dryaf/templates/templates.go:337.115,340.16 3 0
github.com/dryaf/templates/templates.go:340.16,342.3 1 0
github.com/dryaf/templates/templates.go:343.2,343.24 1 0
github.com/dryaf/templates/templates.go:346.42,347.17 1 0
github.com/dryaf/templates/templates.go:347.17,349.3 1 0
github.com/dryaf/templates/templates.go:350.2,350.88 1 0
github.com/dryaf/templates/templates.go:353.41,356.27 3 0
github.com/dryaf/templates/templates.go:356.27,357.15 1 0
github.com/dryaf/templates/templates.go:357.15,359.4 1 0
github.com/dryaf/templates/templates.go:359.9,361.4 1 0
github.com/dryaf/templates/templates.go:363.2,363.10 1 0
github.com/dryaf/templates/templates.go:366.28,367.16 1 1
github.com/dryaf/templates/templates.go:367.16,370.3 2 0
github.com/dryaf/templates/templates.go:373.104,377.16 3 1
github.com/dryaf/templates/templates.go:377.16,380.3 1 0
github.com/dryaf/templates/templates.go:381.2,382.16 2 1
github.com/dryaf/templates/templates.go:382.16,384.3 1 0
github.com/dryaf/templates/templates.go:385.2,386.37 2 1
github.com/dryaf/templates/templates.go:386.37,387.49 1 1
github.com/dryaf/templates/templates.go:387.49,388.27 1 1
github.com/dryaf/templates/templates.go:388.27,390.5 1 0
github.com/dryaf/templates/templates.go:390.10,392.5 1 1
github.com/dryaf/templates/templates.go:395.2,395.19 1 1
github.com/dryaf/templates/templates.go:398.141,399.21 1 1
github.com/dryaf/templates/templates.go:399.21,401.3 1 0
github.com/dryaf/templates/templates.go:402.2,405.16 3 1
github.com/dryaf/templates/templates.go:405.16,407.3 1 0
github.com/dryaf/templates/templates.go:409.2,409.15 1 1
github.com/dryaf/templates/templates.go:414.33,415.13 1 1
github.com/dryaf/templates/templates.go:415.13,417.3 1 0
github.com/dryaf/templates/templates.go:421.2,424.37 2 1
github.com/dryaf/templates/templates.go:424.37,426.54 1 0
github.com/dryaf/templates/templates.go:426.54,428.4 1 0
github.com/dryaf/templates/templates.go:428.9,430.4 1 0
github.com/dryaf/templates/templates.go:432.2,432.11 1 1
github.com/dryaf/templates/integrations/stdlib/stdlib.go:19.75,21.2 1 1
github.com/dryaf/templates/integrations/stdlib/stdlib.go:24.54,26.2 1 1
github.com/dryaf/templates/integrations/stdlib/stdlib.go:29.106,31.2 1 1
github.com/dryaf/templates/integrations/stdlib/stdlib.go:35.84,37.2 1 1
github.com/dryaf/templates/integrations/stdlib/stdlib.go:42.109,44.2 1 1
github.com/dryaf/templates/integrations/echo/echo.go:19.99,21.2 1 1
github.com/dryaf/templates/integrations/echo/echo.go:23.79,25.2 1 1
github.com/dryaf/templates/integrations/echo/echo.go:27.53,29.2 1 1
github.com/dryaf/templates/integrations/echo/echo.go:31.68,33.2 1 1
github.com/dryaf/templates/integrations/echo/echo.go:35.63,37.2 1 1
